<?xml version="1.0" encoding="UTF-8"?>
<!-- Generated by org.testng.reporters.JUnitReportReporter -->
<testsuite hostname="DESKTOP-7JUJR6V" failures="0" tests="1" name="com.saucelab.qa.testscenarios.OrderProductTestScenario2" time="14.840" errors="0" timestamp="2024-04-04T01:59:12 IST" skipped="0">
  <testcase classname="com.saucelab.qa.testscenarios.OrderProductTestScenario2" name="doProductOrder" time="14.840"/>
</testsuite> <!-- com.saucelab.qa.testscenarios.OrderProductTestScenario2 -->
