<?xml version="1.0" encoding="UTF-8"?>
<!-- Generated by org.testng.reporters.JUnitReportReporter -->
<testsuite hostname="DESKTOP-7JUJR6V" failures="0" tests="1" name="com.saucelab.qa.testscenarios.ProductHomeTestScenarios" time="6.015" errors="0" timestamp="2024-04-04T03:20:44 IST" skipped="0">
  <testcase classname="com.saucelab.qa.testscenarios.ProductHomeTestScenarios" name="verifyProductList" time="6.015"/>
</testsuite> <!-- com.saucelab.qa.testscenarios.ProductHomeTestScenarios -->
