<?xml version="1.0" encoding="UTF-8"?>
<!-- Generated by org.testng.reporters.JUnitReportReporter -->
<testsuite hostname="DESKTOP-7JUJR6V" failures="0" tests="1" name="com.saucelab.qa.testscenarios.OrderProductTestScenario1" time="11.935" errors="0" timestamp="2024-04-04T01:43:55 IST" skipped="0">
  <testcase classname="com.saucelab.qa.testscenarios.OrderProductTestScenario1" name="doProductOrder" time="11.935"/>
</testsuite> <!-- com.saucelab.qa.testscenarios.OrderProductTestScenario1 -->
