<?xml version="1.0" encoding="UTF-8"?>
<!-- Generated by org.testng.reporters.JUnitReportReporter -->
<testsuite hostname="DESKTOP-7JUJR6V" failures="0" tests="1" name="com.saucelab.qa.testscenarios.LoginTestScenarios" time="4.653" errors="0" timestamp="2024-04-04T03:16:30 IST" skipped="0">
  <testcase classname="com.saucelab.qa.testscenarios.LoginTestScenarios" name="loginTC" time="4.653"/>
</testsuite> <!-- com.saucelab.qa.testscenarios.LoginTestScenarios -->
